<?xml version="1.0" encoding="UTF-8"?>
<robot generator="Robot 3.1.2 (Python 3.8.1 on win32)" generated="20200229 07:58:53.643" rpa="false">
<suite id="s1" name="Test" source="c:\qaninja\robot\test.robot">
<test id="s1-t1" name="Deve retornar Mensagem de Boas Vindas">
<kw name="Welcome" library="app">
<arguments>
<arg>Vitor</arg>
</arguments>
<assign>
<var>${result}</var>
</assign>
<msg timestamp="20200229 07:58:53.713" level="INFO">${result} = Olá Vitor, Ben vindo ao Curso Básico de Robot Framework!</msg>
<status status="PASS" starttime="20200229 07:58:53.713" endtime="20200229 07:58:53.713"></status>
</kw>
<kw name="Should Be Equal" library="BuiltIn">
<doc>Fails if the given objects are unequal.</doc>
<arguments>
<arg>${result}</arg>
<arg>Olá Vitor, Bem vindo ao Curso Básico de Robot Framework!</arg>
</arguments>
<msg timestamp="20200229 07:58:53.714" level="FAIL">Olá Vitor, Ben vindo ao Curso Básico de Robot Framework! != Olá Vitor, Bem vindo ao Curso Básico de Robot Framework!</msg>
<status status="FAIL" starttime="20200229 07:58:53.714" endtime="20200229 07:58:53.714"></status>
</kw>
<status status="FAIL" starttime="20200229 07:58:53.712" endtime="20200229 07:58:53.715" critical="yes">Olá Vitor, Ben vindo ao Curso Básico de Robot Framework! != Olá Vitor, Bem vindo ao Curso Básico de Robot Framework!</status>
</test>
<status status="FAIL" starttime="20200229 07:58:53.645" endtime="20200229 07:58:53.717"></status>
</suite>
<statistics>
<total>
<stat pass="0" fail="1">Critical Tests</stat>
<stat pass="0" fail="1">All Tests</stat>
</total>
<tag>
</tag>
<suite>
<stat pass="0" fail="1" id="s1" name="Test">Test</stat>
</suite>
</statistics>
<errors>
</errors>
</robot>
