<?xml version="1.0" encoding="UTF-8"?>
<robot generator="Robot 3.1.2 (Python 3.8.1 on win32)" generated="20200229 10:59:20.351" rpa="false">
<suite id="s1" name="Tests" source="c:\qaninja\robot\web\tests">
<suite id="s1-s1" name="Checkbox" source="c:\qaninja\robot\web\tests\checkbox.robot">
<test id="s1-s1-t1" name="Marcando Opção com ID">
<kw name="Nova Sessão" library="base" type="setup">
<kw name="Open Browser" library="SeleniumLibrary">
<doc>Opens a new browser instance to the optional ``url``.</doc>
<arguments>
<arg>${url}</arg>
<arg>chrome</arg>
</arguments>
<msg timestamp="20200229 10:59:20.850" level="INFO">Opening browser 'chrome' to base url 'https://training-wheels-protocol.herokuapp.com'.</msg>
<status status="PASS" starttime="20200229 10:59:20.850" endtime="20200229 10:59:28.799"></status>
</kw>
<status status="PASS" starttime="20200229 10:59:20.849" endtime="20200229 10:59:28.799"></status>
</kw>
<kw name="Go To" library="SeleniumLibrary">
<doc>Navigates the current browser window to the provided ``url``.</doc>
<arguments>
<arg>${url}/checkboxes</arg>
</arguments>
<msg timestamp="20200229 10:59:28.803" level="INFO">Opening url 'https://training-wheels-protocol.herokuapp.com/checkboxes'</msg>
<status status="PASS" starttime="20200229 10:59:28.802" endtime="20200229 10:59:29.326"></status>
</kw>
<kw name="Select Checkbox" library="SeleniumLibrary">
<doc>Selects the checkbox identified by ``locator``.</doc>
<arguments>
<arg>${check_iron}</arg>
</arguments>
<msg timestamp="20200229 10:59:29.327" level="INFO">Selecting checkbox 'css:input[value='iron-man']'.</msg>
<status status="PASS" starttime="20200229 10:59:29.326" endtime="20200229 10:59:29.504"></status>
</kw>
<kw name="Checkbox Should Be Selected" library="SeleniumLibrary">
<doc>Verifies checkbox ``locator`` is selected/checked.</doc>
<arguments>
<arg>${check_iron}</arg>
</arguments>
<msg timestamp="20200229 10:59:29.506" level="INFO">Verifying checkbox 'css:input[value='iron-man']' is selected.</msg>
<status status="PASS" starttime="20200229 10:59:29.505" endtime="20200229 10:59:29.543"></status>
</kw>
<kw name="Encerra Sessão" library="base" type="teardown">
<kw name="Close Browser" library="SeleniumLibrary">
<doc>Closes the current browser.</doc>
<status status="PASS" starttime="20200229 10:59:29.544" endtime="20200229 10:59:32.890"></status>
</kw>
<status status="PASS" starttime="20200229 10:59:29.543" endtime="20200229 10:59:32.891"></status>
</kw>
<tags>
<tag>thor</tag>
</tags>
<status status="PASS" starttime="20200229 10:59:20.846" endtime="20200229 10:59:32.892" critical="yes"></status>
</test>
<test id="s1-s1-t2" name="Marcando Opção com CSS Selector">
<kw name="Nova Sessão" library="base" type="setup">
<kw name="Open Browser" library="SeleniumLibrary">
<doc>Opens a new browser instance to the optional ``url``.</doc>
<arguments>
<arg>${url}</arg>
<arg>chrome</arg>
</arguments>
<msg timestamp="20200229 10:59:32.899" level="INFO">Opening browser 'chrome' to base url 'https://training-wheels-protocol.herokuapp.com'.</msg>
<status status="PASS" starttime="20200229 10:59:32.898" endtime="20200229 10:59:40.792"></status>
</kw>
<status status="PASS" starttime="20200229 10:59:32.897" endtime="20200229 10:59:40.792"></status>
</kw>
<kw name="Go To" library="SeleniumLibrary">
<doc>Navigates the current browser window to the provided ``url``.</doc>
<arguments>
<arg>${url}/checkboxes</arg>
</arguments>
<msg timestamp="20200229 10:59:40.793" level="INFO">Opening url 'https://training-wheels-protocol.herokuapp.com/checkboxes'</msg>
<status status="PASS" starttime="20200229 10:59:40.793" endtime="20200229 10:59:41.178"></status>
</kw>
<kw name="Select Checkbox" library="SeleniumLibrary">
<doc>Selects the checkbox identified by ``locator``.</doc>
<arguments>
<arg>${check_thor}</arg>
</arguments>
<msg timestamp="20200229 10:59:41.179" level="INFO">Selecting checkbox 'id:thor'.</msg>
<status status="PASS" starttime="20200229 10:59:41.178" endtime="20200229 10:59:41.317"></status>
</kw>
<kw name="Checkbox Should Be Selected" library="SeleniumLibrary">
<doc>Verifies checkbox ``locator`` is selected/checked.</doc>
<arguments>
<arg>${check_thor}</arg>
</arguments>
<msg timestamp="20200229 10:59:41.318" level="INFO">Verifying checkbox 'id:thor' is selected.</msg>
<status status="PASS" starttime="20200229 10:59:41.317" endtime="20200229 10:59:41.355"></status>
</kw>
<kw name="Encerra Sessão" library="base" type="teardown">
<kw name="Close Browser" library="SeleniumLibrary">
<doc>Closes the current browser.</doc>
<status status="PASS" starttime="20200229 10:59:41.357" endtime="20200229 10:59:43.481"></status>
</kw>
<status status="PASS" starttime="20200229 10:59:41.356" endtime="20200229 10:59:43.482"></status>
</kw>
<tags>
<tag>ironman</tag>
</tags>
<status status="PASS" starttime="20200229 10:59:32.895" endtime="20200229 10:59:43.483" critical="yes"></status>
</test>
<test id="s1-s1-t3" name="Marcando Opção com Xpath">
<kw name="Nova Sessão" library="base" type="setup">
<kw name="Open Browser" library="SeleniumLibrary">
<doc>Opens a new browser instance to the optional ``url``.</doc>
<arguments>
<arg>${url}</arg>
<arg>chrome</arg>
</arguments>
<msg timestamp="20200229 10:59:43.490" level="INFO">Opening browser 'chrome' to base url 'https://training-wheels-protocol.herokuapp.com'.</msg>
<status status="PASS" starttime="20200229 10:59:43.489" endtime="20200229 10:59:51.483"></status>
</kw>
<status status="PASS" starttime="20200229 10:59:43.488" endtime="20200229 10:59:51.484"></status>
</kw>
<kw name="Go To" library="SeleniumLibrary">
<doc>Navigates the current browser window to the provided ``url``.</doc>
<arguments>
<arg>${url}/checkboxes</arg>
</arguments>
<msg timestamp="20200229 10:59:51.486" level="INFO">Opening url 'https://training-wheels-protocol.herokuapp.com/checkboxes'</msg>
<status status="PASS" starttime="20200229 10:59:51.485" endtime="20200229 10:59:51.988"></status>
</kw>
<kw name="Select Checkbox" library="SeleniumLibrary">
<doc>Selects the checkbox identified by ``locator``.</doc>
<arguments>
<arg>${check_panther}</arg>
</arguments>
<msg timestamp="20200229 10:59:51.996" level="INFO">Selecting checkbox 'xpath://*[@id='checkboxes']/input[7]'.</msg>
<status status="PASS" starttime="20200229 10:59:51.995" endtime="20200229 10:59:52.123"></status>
</kw>
<kw name="Checkbox Should Be Selected" library="SeleniumLibrary">
<doc>Verifies checkbox ``locator`` is selected/checked.</doc>
<arguments>
<arg>${check_panther}</arg>
</arguments>
<msg timestamp="20200229 10:59:52.125" level="INFO">Verifying checkbox 'xpath://*[@id='checkboxes']/input[7]' is selected.</msg>
<status status="PASS" starttime="20200229 10:59:52.124" endtime="20200229 10:59:52.157"></status>
</kw>
<kw name="Encerra Sessão" library="base" type="teardown">
<kw name="Close Browser" library="SeleniumLibrary">
<doc>Closes the current browser.</doc>
<status status="PASS" starttime="20200229 10:59:52.158" endtime="20200229 10:59:54.291"></status>
</kw>
<status status="PASS" starttime="20200229 10:59:52.158" endtime="20200229 10:59:54.291"></status>
</kw>
<tags>
<tag>blackpanther</tag>
</tags>
<status status="PASS" starttime="20200229 10:59:43.486" endtime="20200229 10:59:54.298" critical="yes"></status>
</test>
<status status="PASS" starttime="20200229 10:59:20.413" endtime="20200229 10:59:54.304"></status>
</suite>
<suite id="s1-s2" name="Title" source="c:\qaninja\robot\web\tests\title.robot">
<test id="s1-s2-t1" name="Should See Page Title">
<kw name="Nova Sessão" library="base" type="setup">
<kw name="Open Browser" library="SeleniumLibrary">
<doc>Opens a new browser instance to the optional ``url``.</doc>
<arguments>
<arg>${url}</arg>
<arg>chrome</arg>
</arguments>
<msg timestamp="20200229 10:59:54.368" level="INFO">Opening browser 'chrome' to base url 'https://training-wheels-protocol.herokuapp.com'.</msg>
<status status="PASS" starttime="20200229 10:59:54.367" endtime="20200229 11:00:02.697"></status>
</kw>
<status status="PASS" starttime="20200229 10:59:54.366" endtime="20200229 11:00:02.698"></status>
</kw>
<kw name="Title Should Be" library="SeleniumLibrary">
<doc>Verifies that the current page title equals ``title``.</doc>
<arguments>
<arg>Training Wheels Protocol</arg>
</arguments>
<msg timestamp="20200229 11:00:02.715" level="INFO">Page title is 'Training Wheels Protocol'.</msg>
<status status="PASS" starttime="20200229 11:00:02.701" endtime="20200229 11:00:02.715"></status>
</kw>
<kw name="Encerra Sessão" library="base" type="teardown">
<kw name="Close Browser" library="SeleniumLibrary">
<doc>Closes the current browser.</doc>
<status status="PASS" starttime="20200229 11:00:02.716" endtime="20200229 11:00:04.900"></status>
</kw>
<status status="PASS" starttime="20200229 11:00:02.716" endtime="20200229 11:00:04.900"></status>
</kw>
<status status="PASS" starttime="20200229 10:59:54.365" endtime="20200229 11:00:04.902" critical="yes"></status>
</test>
<status status="PASS" starttime="20200229 10:59:54.322" endtime="20200229 11:00:04.909"></status>
</suite>
<status status="PASS" starttime="20200229 10:59:20.354" endtime="20200229 11:00:04.926"></status>
</suite>
<statistics>
<total>
<stat pass="4" fail="0">Critical Tests</stat>
<stat pass="4" fail="0">All Tests</stat>
</total>
<tag>
<stat pass="1" fail="0">blackpanther</stat>
<stat pass="1" fail="0">ironman</stat>
<stat pass="1" fail="0">thor</stat>
</tag>
<suite>
<stat pass="4" fail="0" id="s1" name="Tests">Tests</stat>
<stat pass="3" fail="0" id="s1-s1" name="Checkbox">Tests.Checkbox</stat>
<stat pass="1" fail="0" id="s1-s2" name="Title">Tests.Title</stat>
</suite>
</statistics>
<errors>
</errors>
</robot>
