<?xml version="1.0" encoding="UTF-8"?>
<robot generator="Robot 3.1.2 (Python 3.8.1 on win32)" generated="20200229 11:40:07.147" rpa="false">
<suite id="s1" name="Tests" source="C:\qaninja\robot\CursoRobotFrameworkBasico\Web_\tests">
<suite id="s1-s1" name="Checkbox" source="C:\qaninja\robot\CursoRobotFrameworkBasico\Web_\tests\checkbox.robot">
<test id="s1-s1-t1" name="Marcando Opção com ID">
<kw name="Nova Sessão" library="base" type="setup">
<kw name="Open Browser" library="SeleniumLibrary">
<doc>Opens a new browser instance to the optional ``url``.</doc>
<arguments>
<arg>${url}</arg>
<arg>chrome</arg>
</arguments>
<msg timestamp="20200229 11:40:07.721" level="INFO">Opening browser 'chrome' to base url 'https://training-wheels-protocol.herokuapp.com'.</msg>
<status status="PASS" starttime="20200229 11:40:07.721" endtime="20200229 11:40:16.954"></status>
</kw>
<status status="PASS" starttime="20200229 11:40:07.720" endtime="20200229 11:40:16.954"></status>
</kw>
<kw name="Go To" library="SeleniumLibrary">
<doc>Navigates the current browser window to the provided ``url``.</doc>
<arguments>
<arg>${url}/checkboxes</arg>
</arguments>
<msg timestamp="20200229 11:40:16.975" level="INFO">Opening url 'https://training-wheels-protocol.herokuapp.com/checkboxes'</msg>
<status status="PASS" starttime="20200229 11:40:16.972" endtime="20200229 11:40:17.727"></status>
</kw>
<kw name="Select Checkbox" library="SeleniumLibrary">
<doc>Selects the checkbox identified by ``locator``.</doc>
<arguments>
<arg>${check_iron}</arg>
</arguments>
<msg timestamp="20200229 11:40:17.734" level="INFO">Selecting checkbox 'css:input[value='iron-man']'.</msg>
<status status="PASS" starttime="20200229 11:40:17.733" endtime="20200229 11:40:17.955"></status>
</kw>
<kw name="Checkbox Should Be Selected" library="SeleniumLibrary">
<doc>Verifies checkbox ``locator`` is selected/checked.</doc>
<arguments>
<arg>${check_iron}</arg>
</arguments>
<msg timestamp="20200229 11:40:17.957" level="INFO">Verifying checkbox 'css:input[value='iron-man']' is selected.</msg>
<status status="PASS" starttime="20200229 11:40:17.956" endtime="20200229 11:40:18.010"></status>
</kw>
<kw name="Encerra Sessão" library="base" type="teardown">
<kw name="Capture Page Screenshot" library="SeleniumLibrary">
<doc>Takes a screenshot of the current page and embeds it into a log file.</doc>
<msg timestamp="20200229 11:40:18.419" level="INFO" html="yes">&lt;/td&gt;&lt;/tr&gt;&lt;tr&gt;&lt;td colspan="3"&gt;&lt;a href="selenium-screenshot-1.png"&gt;&lt;img src="selenium-screenshot-1.png" width="800px"&gt;&lt;/a&gt;</msg>
<status status="PASS" starttime="20200229 11:40:18.012" endtime="20200229 11:40:18.420"></status>
</kw>
<kw name="Close Browser" library="SeleniumLibrary">
<doc>Closes the current browser.</doc>
<status status="PASS" starttime="20200229 11:40:18.421" endtime="20200229 11:40:20.751"></status>
</kw>
<status status="PASS" starttime="20200229 11:40:18.011" endtime="20200229 11:40:20.751"></status>
</kw>
<tags>
<tag>thor</tag>
</tags>
<status status="PASS" starttime="20200229 11:40:07.720" endtime="20200229 11:40:20.752" critical="yes"></status>
</test>
<test id="s1-s1-t2" name="Marcando Opção com CSS Selector">
<kw name="Nova Sessão" library="base" type="setup">
<kw name="Open Browser" library="SeleniumLibrary">
<doc>Opens a new browser instance to the optional ``url``.</doc>
<arguments>
<arg>${url}</arg>
<arg>chrome</arg>
</arguments>
<msg timestamp="20200229 11:40:20.765" level="INFO">Opening browser 'chrome' to base url 'https://training-wheels-protocol.herokuapp.com'.</msg>
<status status="PASS" starttime="20200229 11:40:20.763" endtime="20200229 11:40:29.068"></status>
</kw>
<status status="PASS" starttime="20200229 11:40:20.760" endtime="20200229 11:40:29.069"></status>
</kw>
<kw name="Go To" library="SeleniumLibrary">
<doc>Navigates the current browser window to the provided ``url``.</doc>
<arguments>
<arg>${url}/checkboxes</arg>
</arguments>
<msg timestamp="20200229 11:40:29.075" level="INFO">Opening url 'https://training-wheels-protocol.herokuapp.com/checkboxes'</msg>
<status status="PASS" starttime="20200229 11:40:29.074" endtime="20200229 11:40:29.718"></status>
</kw>
<kw name="Select Checkbox" library="SeleniumLibrary">
<doc>Selects the checkbox identified by ``locator``.</doc>
<arguments>
<arg>${check_thor}</arg>
</arguments>
<msg timestamp="20200229 11:40:29.720" level="INFO">Selecting checkbox 'id:thor'.</msg>
<status status="PASS" starttime="20200229 11:40:29.719" endtime="20200229 11:40:29.938"></status>
</kw>
<kw name="Checkbox Should Be Selected" library="SeleniumLibrary">
<doc>Verifies checkbox ``locator`` is selected/checked.</doc>
<arguments>
<arg>${check_thor}</arg>
</arguments>
<msg timestamp="20200229 11:40:29.940" level="INFO">Verifying checkbox 'id:thor' is selected.</msg>
<status status="PASS" starttime="20200229 11:40:29.940" endtime="20200229 11:40:29.996"></status>
</kw>
<kw name="Encerra Sessão" library="base" type="teardown">
<kw name="Capture Page Screenshot" library="SeleniumLibrary">
<doc>Takes a screenshot of the current page and embeds it into a log file.</doc>
<msg timestamp="20200229 11:40:30.430" level="INFO" html="yes">&lt;/td&gt;&lt;/tr&gt;&lt;tr&gt;&lt;td colspan="3"&gt;&lt;a href="selenium-screenshot-2.png"&gt;&lt;img src="selenium-screenshot-2.png" width="800px"&gt;&lt;/a&gt;</msg>
<status status="PASS" starttime="20200229 11:40:29.998" endtime="20200229 11:40:30.430"></status>
</kw>
<kw name="Close Browser" library="SeleniumLibrary">
<doc>Closes the current browser.</doc>
<status status="PASS" starttime="20200229 11:40:30.431" endtime="20200229 11:40:32.784"></status>
</kw>
<status status="PASS" starttime="20200229 11:40:29.997" endtime="20200229 11:40:32.784"></status>
</kw>
<tags>
<tag>ironman</tag>
</tags>
<status status="PASS" starttime="20200229 11:40:20.756" endtime="20200229 11:40:32.785" critical="yes"></status>
</test>
<test id="s1-s1-t3" name="Marcando Opção com Xpath">
<kw name="Nova Sessão" library="base" type="setup">
<kw name="Open Browser" library="SeleniumLibrary">
<doc>Opens a new browser instance to the optional ``url``.</doc>
<arguments>
<arg>${url}</arg>
<arg>chrome</arg>
</arguments>
<msg timestamp="20200229 11:40:32.790" level="INFO">Opening browser 'chrome' to base url 'https://training-wheels-protocol.herokuapp.com'.</msg>
<status status="PASS" starttime="20200229 11:40:32.790" endtime="20200229 11:40:40.558"></status>
</kw>
<status status="PASS" starttime="20200229 11:40:32.789" endtime="20200229 11:40:40.560"></status>
</kw>
<kw name="Go To" library="SeleniumLibrary">
<doc>Navigates the current browser window to the provided ``url``.</doc>
<arguments>
<arg>${url}/checkboxes</arg>
</arguments>
<msg timestamp="20200229 11:40:40.564" level="INFO">Opening url 'https://training-wheels-protocol.herokuapp.com/checkboxes'</msg>
<status status="PASS" starttime="20200229 11:40:40.563" endtime="20200229 11:40:41.024"></status>
</kw>
<kw name="Select Checkbox" library="SeleniumLibrary">
<doc>Selects the checkbox identified by ``locator``.</doc>
<arguments>
<arg>${check_panther}</arg>
</arguments>
<msg timestamp="20200229 11:40:41.025" level="INFO">Selecting checkbox 'xpath://*[@id='checkboxes']/input[7]'.</msg>
<status status="PASS" starttime="20200229 11:40:41.024" endtime="20200229 11:40:41.182"></status>
</kw>
<kw name="Checkbox Should Be Selected" library="SeleniumLibrary">
<doc>Verifies checkbox ``locator`` is selected/checked.</doc>
<arguments>
<arg>${check_panther}</arg>
</arguments>
<msg timestamp="20200229 11:40:41.183" level="INFO">Verifying checkbox 'xpath://*[@id='checkboxes']/input[7]' is selected.</msg>
<status status="PASS" starttime="20200229 11:40:41.183" endtime="20200229 11:40:41.222"></status>
</kw>
<kw name="Encerra Sessão" library="base" type="teardown">
<kw name="Capture Page Screenshot" library="SeleniumLibrary">
<doc>Takes a screenshot of the current page and embeds it into a log file.</doc>
<msg timestamp="20200229 11:40:41.615" level="INFO" html="yes">&lt;/td&gt;&lt;/tr&gt;&lt;tr&gt;&lt;td colspan="3"&gt;&lt;a href="selenium-screenshot-3.png"&gt;&lt;img src="selenium-screenshot-3.png" width="800px"&gt;&lt;/a&gt;</msg>
<status status="PASS" starttime="20200229 11:40:41.223" endtime="20200229 11:40:41.616"></status>
</kw>
<kw name="Close Browser" library="SeleniumLibrary">
<doc>Closes the current browser.</doc>
<status status="PASS" starttime="20200229 11:40:41.616" endtime="20200229 11:40:43.844"></status>
</kw>
<status status="PASS" starttime="20200229 11:40:41.223" endtime="20200229 11:40:43.844"></status>
</kw>
<tags>
<tag>blackpanther</tag>
</tags>
<status status="PASS" starttime="20200229 11:40:32.788" endtime="20200229 11:40:43.845" critical="yes"></status>
</test>
<status status="PASS" starttime="20200229 11:40:07.213" endtime="20200229 11:40:43.848"></status>
</suite>
<suite id="s1-s2" name="Title" source="C:\qaninja\robot\CursoRobotFrameworkBasico\Web_\tests\title.robot">
<test id="s1-s2-t1" name="Should See Page Title">
<kw name="Nova Sessão" library="base" type="setup">
<kw name="Open Browser" library="SeleniumLibrary">
<doc>Opens a new browser instance to the optional ``url``.</doc>
<arguments>
<arg>${url}</arg>
<arg>chrome</arg>
</arguments>
<msg timestamp="20200229 11:40:43.872" level="INFO">Opening browser 'chrome' to base url 'https://training-wheels-protocol.herokuapp.com'.</msg>
<status status="PASS" starttime="20200229 11:40:43.871" endtime="20200229 11:40:51.902"></status>
</kw>
<status status="PASS" starttime="20200229 11:40:43.869" endtime="20200229 11:40:51.902"></status>
</kw>
<kw name="Title Should Be" library="SeleniumLibrary">
<doc>Verifies that the current page title equals ``title``.</doc>
<arguments>
<arg>Training Wheels Protocol</arg>
</arguments>
<msg timestamp="20200229 11:40:51.913" level="INFO">Page title is 'Training Wheels Protocol'.</msg>
<status status="PASS" starttime="20200229 11:40:51.903" endtime="20200229 11:40:51.913"></status>
</kw>
<kw name="Encerra Sessão" library="base" type="teardown">
<kw name="Capture Page Screenshot" library="SeleniumLibrary">
<doc>Takes a screenshot of the current page and embeds it into a log file.</doc>
<msg timestamp="20200229 11:40:52.314" level="INFO" html="yes">&lt;/td&gt;&lt;/tr&gt;&lt;tr&gt;&lt;td colspan="3"&gt;&lt;a href="selenium-screenshot-4.png"&gt;&lt;img src="selenium-screenshot-4.png" width="800px"&gt;&lt;/a&gt;</msg>
<status status="PASS" starttime="20200229 11:40:51.915" endtime="20200229 11:40:52.315"></status>
</kw>
<kw name="Close Browser" library="SeleniumLibrary">
<doc>Closes the current browser.</doc>
<status status="PASS" starttime="20200229 11:40:52.315" endtime="20200229 11:40:54.541"></status>
</kw>
<status status="PASS" starttime="20200229 11:40:51.914" endtime="20200229 11:40:54.541"></status>
</kw>
<status status="PASS" starttime="20200229 11:40:43.866" endtime="20200229 11:40:54.543" critical="yes"></status>
</test>
<status status="PASS" starttime="20200229 11:40:43.859" endtime="20200229 11:40:54.549"></status>
</suite>
<status status="PASS" starttime="20200229 11:40:07.149" endtime="20200229 11:40:54.562"></status>
</suite>
<statistics>
<total>
<stat pass="4" fail="0">Critical Tests</stat>
<stat pass="4" fail="0">All Tests</stat>
</total>
<tag>
<stat pass="1" fail="0">blackpanther</stat>
<stat pass="1" fail="0">ironman</stat>
<stat pass="1" fail="0">thor</stat>
</tag>
<suite>
<stat pass="4" fail="0" id="s1" name="Tests">Tests</stat>
<stat pass="3" fail="0" id="s1-s1" name="Checkbox">Tests.Checkbox</stat>
<stat pass="1" fail="0" id="s1-s2" name="Title">Tests.Title</stat>
</suite>
</statistics>
<errors>
</errors>
</robot>
